{"/home/flickystyle/frontend-project-lvl2/src/findDiff.js": {"path":"/home/flickystyle/frontend-project-lvl2/src/findDiff.js","all":false,"statementMap":{"0":{"start":{"line":1,"column":0},"end":{"line":1,"column":23}},"1":{"start":{"line":2,"column":0},"end":{"line":2,"column":0}},"2":{"start":{"line":3,"column":0},"end":{"line":3,"column":34}},"3":{"start":{"line":4,"column":0},"end":{"line":4,"column":50}},"4":{"start":{"line":5,"column":0},"end":{"line":5,"column":16}},"5":{"start":{"line":6,"column":0},"end":{"line":6,"column":3}},"6":{"start":{"line":7,"column":0},"end":{"line":7,"column":0}},"7":{"start":{"line":8,"column":0},"end":{"line":8,"column":39}},"8":{"start":{"line":9,"column":0},"end":{"line":9,"column":141}},"9":{"start":{"line":10,"column":0},"end":{"line":10,"column":16}},"10":{"start":{"line":11,"column":0},"end":{"line":11,"column":2}},"11":{"start":{"line":12,"column":0},"end":{"line":12,"column":0}},"12":{"start":{"line":13,"column":0},"end":{"line":13,"column":34}},"13":{"start":{"line":14,"column":0},"end":{"line":14,"column":42}},"14":{"start":{"line":15,"column":0},"end":{"line":15,"column":43}},"15":{"start":{"line":16,"column":0},"end":{"line":16,"column":0}},"16":{"start":{"line":17,"column":0},"end":{"line":17,"column":54}},"17":{"start":{"line":18,"column":0},"end":{"line":18,"column":36}},"18":{"start":{"line":19,"column":0},"end":{"line":19,"column":0}},"19":{"start":{"line":20,"column":0},"end":{"line":20,"column":50}},"20":{"start":{"line":21,"column":0},"end":{"line":21,"column":57}},"21":{"start":{"line":22,"column":0},"end":{"line":22,"column":57}},"22":{"start":{"line":23,"column":0},"end":{"line":23,"column":0}},"23":{"start":{"line":24,"column":0},"end":{"line":24,"column":48}},"24":{"start":{"line":25,"column":0},"end":{"line":25,"column":87}},"25":{"start":{"line":26,"column":0},"end":{"line":26,"column":5}},"26":{"start":{"line":27,"column":0},"end":{"line":27,"column":48}},"27":{"start":{"line":28,"column":0},"end":{"line":28,"column":85}},"28":{"start":{"line":29,"column":0},"end":{"line":29,"column":5}},"29":{"start":{"line":30,"column":0},"end":{"line":30,"column":77}},"30":{"start":{"line":31,"column":0},"end":{"line":31,"column":101}},"31":{"start":{"line":32,"column":0},"end":{"line":32,"column":5}},"32":{"start":{"line":33,"column":0},"end":{"line":33,"column":34}},"33":{"start":{"line":34,"column":0},"end":{"line":34,"column":23}},"34":{"start":{"line":35,"column":0},"end":{"line":35,"column":102}},"35":{"start":{"line":36,"column":0},"end":{"line":36,"column":9}},"36":{"start":{"line":37,"column":0},"end":{"line":37,"column":5}},"37":{"start":{"line":38,"column":0},"end":{"line":38,"column":0}},"38":{"start":{"line":39,"column":0},"end":{"line":39,"column":87}},"39":{"start":{"line":40,"column":0},"end":{"line":40,"column":9}},"40":{"start":{"line":41,"column":0},"end":{"line":41,"column":0}},"41":{"start":{"line":42,"column":0},"end":{"line":42,"column":16}},"42":{"start":{"line":43,"column":0},"end":{"line":43,"column":2}},"43":{"start":{"line":44,"column":0},"end":{"line":44,"column":0}},"44":{"start":{"line":45,"column":0},"end":{"line":45,"column":24}}},"s":{"0":1,"1":1,"2":1,"3":1471,"4":1028,"5":1028,"6":443,"7":443,"8":443,"9":443,"10":443,"11":1,"12":1,"13":113,"14":113,"15":113,"16":113,"17":113,"18":113,"19":113,"20":336,"21":336,"22":336,"23":336,"24":44,"25":44,"26":336,"27":47,"28":47,"29":336,"30":94,"31":94,"32":336,"33":52,"34":52,"35":52,"36":52,"37":99,"38":99,"39":113,"40":113,"41":113,"42":113,"43":1,"44":1},"branchMap":{"0":{"type":"branch","line":3,"loc":{"start":{"line":3,"column":24},"end":{"line":11,"column":2}},"locations":[{"start":{"line":3,"column":24},"end":{"line":11,"column":2}}]},"1":{"type":"branch","line":4,"loc":{"start":{"line":4,"column":6},"end":{"line":4,"column":49}},"locations":[{"start":{"line":4,"column":6},"end":{"line":4,"column":49}}]},"2":{"type":"branch","line":4,"loc":{"start":{"line":4,"column":49},"end":{"line":6,"column":3}},"locations":[{"start":{"line":4,"column":49},"end":{"line":6,"column":3}}]},"3":{"type":"branch","line":7,"loc":{"start":{"line":7,"column":-1},"end":{"line":11,"column":2}},"locations":[{"start":{"line":7,"column":-1},"end":{"line":11,"column":2}}]},"4":{"type":"branch","line":9,"loc":{"start":{"line":9,"column":32},"end":{"line":9,"column":57}},"locations":[{"start":{"line":9,"column":32},"end":{"line":9,"column":57}}]},"5":{"type":"branch","line":13,"loc":{"start":{"line":13,"column":17},"end":{"line":43,"column":2}},"locations":[{"start":{"line":13,"column":17},"end":{"line":43,"column":2}}]},"6":{"type":"branch","line":20,"loc":{"start":{"line":20,"column":35},"end":{"line":40,"column":5}},"locations":[{"start":{"line":20,"column":35},"end":{"line":40,"column":5}}]},"7":{"type":"branch","line":24,"loc":{"start":{"line":24,"column":8},"end":{"line":24,"column":30}},"locations":[{"start":{"line":24,"column":8},"end":{"line":24,"column":30}}]},"8":{"type":"branch","line":24,"loc":{"start":{"line":24,"column":47},"end":{"line":26,"column":5}},"locations":[{"start":{"line":24,"column":47},"end":{"line":26,"column":5}}]},"9":{"type":"branch","line":27,"loc":{"start":{"line":27,"column":-1},"end":{"line":27,"column":9}},"locations":[{"start":{"line":27,"column":-1},"end":{"line":27,"column":9}}]},"10":{"type":"branch","line":27,"loc":{"start":{"line":27,"column":8},"end":{"line":27,"column":30}},"locations":[{"start":{"line":27,"column":8},"end":{"line":27,"column":30}}]},"11":{"type":"branch","line":27,"loc":{"start":{"line":27,"column":47},"end":{"line":29,"column":5}},"locations":[{"start":{"line":27,"column":47},"end":{"line":29,"column":5}}]},"12":{"type":"branch","line":30,"loc":{"start":{"line":30,"column":-1},"end":{"line":30,"column":9}},"locations":[{"start":{"line":30,"column":-1},"end":{"line":30,"column":9}}]},"13":{"type":"branch","line":30,"loc":{"start":{"line":30,"column":8},"end":{"line":30,"column":76}},"locations":[{"start":{"line":30,"column":8},"end":{"line":30,"column":76}}]},"14":{"type":"branch","line":30,"loc":{"start":{"line":30,"column":76},"end":{"line":32,"column":5}},"locations":[{"start":{"line":30,"column":76},"end":{"line":32,"column":5}}]},"15":{"type":"branch","line":33,"loc":{"start":{"line":33,"column":-1},"end":{"line":33,"column":8}},"locations":[{"start":{"line":33,"column":-1},"end":{"line":33,"column":8}}]},"16":{"type":"branch","line":33,"loc":{"start":{"line":33,"column":33},"end":{"line":37,"column":5}},"locations":[{"start":{"line":33,"column":33},"end":{"line":37,"column":5}}]},"17":{"type":"branch","line":38,"loc":{"start":{"line":38,"column":-1},"end":{"line":40,"column":5}},"locations":[{"start":{"line":38,"column":-1},"end":{"line":40,"column":5}}]}},"b":{"0":[1471],"1":[469],"2":[1028],"3":[443],"4":[799],"5":[113],"6":[336],"7":[289],"8":[44],"9":[292],"10":[47],"11":[47],"12":[245],"13":[107],"14":[94],"15":[151],"16":[52],"17":[99]},"fnMap":{"0":{"name":"makeNodesEmpty","decl":{"start":{"line":3,"column":24},"end":{"line":11,"column":2}},"loc":{"start":{"line":3,"column":24},"end":{"line":11,"column":2}},"line":3},"1":{"name":"findDiff","decl":{"start":{"line":13,"column":17},"end":{"line":43,"column":2}},"loc":{"start":{"line":13,"column":17},"end":{"line":43,"column":2}},"line":13}},"f":{"0":1471,"1":113}}
,"/home/flickystyle/frontend-project-lvl2/src/generateDiff.js": {"path":"/home/flickystyle/frontend-project-lvl2/src/generateDiff.js","all":false,"statementMap":{"0":{"start":{"line":1,"column":0},"end":{"line":1,"column":37}},"1":{"start":{"line":2,"column":0},"end":{"line":2,"column":52}},"2":{"start":{"line":3,"column":0},"end":{"line":3,"column":0}},"3":{"start":{"line":4,"column":0},"end":{"line":4,"column":71}},"4":{"start":{"line":5,"column":0},"end":{"line":5,"column":46}},"5":{"start":{"line":6,"column":0},"end":{"line":6,"column":0}},"6":{"start":{"line":7,"column":0},"end":{"line":7,"column":42}},"7":{"start":{"line":8,"column":0},"end":{"line":8,"column":2}},"8":{"start":{"line":9,"column":0},"end":{"line":9,"column":0}},"9":{"start":{"line":10,"column":0},"end":{"line":10,"column":28}}},"s":{"0":1,"1":1,"2":1,"3":1,"4":19,"5":19,"6":19,"7":19,"8":1,"9":1},"branchMap":{"0":{"type":"branch","line":4,"loc":{"start":{"line":4,"column":21},"end":{"line":8,"column":2}},"locations":[{"start":{"line":4,"column":21},"end":{"line":8,"column":2}}]}},"b":{"0":[19]},"fnMap":{"0":{"name":"generateDiff","decl":{"start":{"line":4,"column":21},"end":{"line":8,"column":2}},"loc":{"start":{"line":4,"column":21},"end":{"line":8,"column":2}},"line":4}},"f":{"0":19}}
,"/home/flickystyle/frontend-project-lvl2/src/parsers.js": {"path":"/home/flickystyle/frontend-project-lvl2/src/parsers.js","all":false,"statementMap":{"0":{"start":{"line":1,"column":0},"end":{"line":1,"column":32}},"1":{"start":{"line":2,"column":0},"end":{"line":2,"column":0}},"2":{"start":{"line":3,"column":0},"end":{"line":3,"column":38}},"3":{"start":{"line":4,"column":0},"end":{"line":4,"column":31}},"4":{"start":{"line":5,"column":0},"end":{"line":5,"column":28}},"5":{"start":{"line":6,"column":0},"end":{"line":6,"column":3}},"6":{"start":{"line":7,"column":0},"end":{"line":7,"column":56}},"7":{"start":{"line":8,"column":0},"end":{"line":8,"column":27}},"8":{"start":{"line":9,"column":0},"end":{"line":9,"column":3}},"9":{"start":{"line":10,"column":0},"end":{"line":10,"column":65}},"10":{"start":{"line":11,"column":0},"end":{"line":11,"column":2}},"11":{"start":{"line":12,"column":0},"end":{"line":12,"column":0}},"12":{"start":{"line":13,"column":0},"end":{"line":13,"column":21}}},"s":{"0":1,"1":1,"2":1,"3":15,"4":6,"5":6,"6":15,"7":8,"8":8,"9":1,"10":1,"11":1,"12":1},"branchMap":{"0":{"type":"branch","line":3,"loc":{"start":{"line":3,"column":14},"end":{"line":11,"column":2}},"locations":[{"start":{"line":3,"column":14},"end":{"line":11,"column":2}}]},"1":{"type":"branch","line":4,"loc":{"start":{"line":4,"column":30},"end":{"line":6,"column":3}},"locations":[{"start":{"line":4,"column":30},"end":{"line":6,"column":3}}]},"2":{"type":"branch","line":7,"loc":{"start":{"line":7,"column":-1},"end":{"line":7,"column":17}},"locations":[{"start":{"line":7,"column":-1},"end":{"line":7,"column":17}}]},"3":{"type":"branch","line":7,"loc":{"start":{"line":7,"column":6},"end":{"line":7,"column":55}},"locations":[{"start":{"line":7,"column":6},"end":{"line":7,"column":55}}]},"4":{"type":"branch","line":7,"loc":{"start":{"line":7,"column":55},"end":{"line":9,"column":3}},"locations":[{"start":{"line":7,"column":55},"end":{"line":9,"column":3}}]},"5":{"type":"branch","line":10,"loc":{"start":{"line":10,"column":-1},"end":{"line":11,"column":2}},"locations":[{"start":{"line":10,"column":-1},"end":{"line":11,"column":2}}]}},"b":{"0":[15],"1":[6],"2":[9],"3":[5],"4":[8],"5":[1]},"fnMap":{"0":{"name":"parse","decl":{"start":{"line":3,"column":14},"end":{"line":11,"column":2}},"loc":{"start":{"line":3,"column":14},"end":{"line":11,"column":2}},"line":3}},"f":{"0":15}}
,"/home/flickystyle/frontend-project-lvl2/src/formatters/index.js": {"path":"/home/flickystyle/frontend-project-lvl2/src/formatters/index.js","all":false,"statementMap":{"0":{"start":{"line":1,"column":0},"end":{"line":1,"column":35}},"1":{"start":{"line":2,"column":0},"end":{"line":2,"column":31}},"2":{"start":{"line":3,"column":0},"end":{"line":3,"column":38}},"3":{"start":{"line":4,"column":0},"end":{"line":4,"column":0}},"4":{"start":{"line":5,"column":0},"end":{"line":5,"column":52}},"5":{"start":{"line":6,"column":0},"end":{"line":6,"column":32}},"6":{"start":{"line":7,"column":0},"end":{"line":7,"column":31}},"7":{"start":{"line":8,"column":0},"end":{"line":8,"column":3}},"8":{"start":{"line":9,"column":0},"end":{"line":9,"column":0}},"9":{"start":{"line":10,"column":0},"end":{"line":10,"column":30}},"10":{"start":{"line":11,"column":0},"end":{"line":11,"column":29}},"11":{"start":{"line":12,"column":0},"end":{"line":12,"column":3}},"12":{"start":{"line":13,"column":0},"end":{"line":13,"column":29}},"13":{"start":{"line":14,"column":0},"end":{"line":14,"column":37}},"14":{"start":{"line":15,"column":0},"end":{"line":15,"column":3}},"15":{"start":{"line":16,"column":0},"end":{"line":16,"column":0}},"16":{"start":{"line":17,"column":0},"end":{"line":17,"column":62}},"17":{"start":{"line":18,"column":0},"end":{"line":18,"column":2}},"18":{"start":{"line":19,"column":0},"end":{"line":19,"column":0}},"19":{"start":{"line":20,"column":0},"end":{"line":20,"column":31}}},"s":{"0":1,"1":1,"2":1,"3":1,"4":1,"5":19,"6":6,"7":6,"8":13,"9":19,"10":6,"11":6,"12":19,"13":6,"14":6,"15":1,"16":1,"17":1,"18":1,"19":1},"branchMap":{"0":{"type":"branch","line":5,"loc":{"start":{"line":5,"column":24},"end":{"line":18,"column":2}},"locations":[{"start":{"line":5,"column":24},"end":{"line":18,"column":2}}]},"1":{"type":"branch","line":6,"loc":{"start":{"line":6,"column":31},"end":{"line":8,"column":3}},"locations":[{"start":{"line":6,"column":31},"end":{"line":8,"column":3}}]},"2":{"type":"branch","line":9,"loc":{"start":{"line":9,"column":-1},"end":{"line":10,"column":6}},"locations":[{"start":{"line":9,"column":-1},"end":{"line":10,"column":6}}]},"3":{"type":"branch","line":10,"loc":{"start":{"line":10,"column":29},"end":{"line":12,"column":3}},"locations":[{"start":{"line":10,"column":29},"end":{"line":12,"column":3}}]},"4":{"type":"branch","line":13,"loc":{"start":{"line":13,"column":-1},"end":{"line":13,"column":6}},"locations":[{"start":{"line":13,"column":-1},"end":{"line":13,"column":6}}]},"5":{"type":"branch","line":13,"loc":{"start":{"line":13,"column":28},"end":{"line":15,"column":3}},"locations":[{"start":{"line":13,"column":28},"end":{"line":15,"column":3}}]},"6":{"type":"branch","line":16,"loc":{"start":{"line":16,"column":-1},"end":{"line":18,"column":2}},"locations":[{"start":{"line":16,"column":-1},"end":{"line":18,"column":2}}]}},"b":{"0":[19],"1":[6],"2":[13],"3":[6],"4":[7],"5":[6],"6":[1]},"fnMap":{"0":{"name":"chooseFormatter","decl":{"start":{"line":5,"column":24},"end":{"line":18,"column":2}},"loc":{"start":{"line":5,"column":24},"end":{"line":18,"column":2}},"line":5}},"f":{"0":19}}
,"/home/flickystyle/frontend-project-lvl2/src/formatters/json.js": {"path":"/home/flickystyle/frontend-project-lvl2/src/formatters/json.js","all":false,"statementMap":{"0":{"start":{"line":1,"column":0},"end":{"line":1,"column":55}},"1":{"start":{"line":2,"column":0},"end":{"line":2,"column":0}},"2":{"start":{"line":3,"column":0},"end":{"line":3,"column":29}}},"s":{"0":1,"1":1,"2":1},"branchMap":{"0":{"type":"branch","line":1,"loc":{"start":{"line":1,"column":23},"end":{"line":1,"column":37}},"locations":[{"start":{"line":1,"column":23},"end":{"line":1,"column":37}}]}},"b":{"0":[6]},"fnMap":{"0":{"name":"jsonFormatter","decl":{"start":{"line":1,"column":23},"end":{"line":1,"column":37}},"loc":{"start":{"line":1,"column":23},"end":{"line":1,"column":37}},"line":1}},"f":{"0":6}}
,"/home/flickystyle/frontend-project-lvl2/src/formatters/plain.js": {"path":"/home/flickystyle/frontend-project-lvl2/src/formatters/plain.js","all":false,"statementMap":{"0":{"start":{"line":1,"column":0},"end":{"line":1,"column":30}},"1":{"start":{"line":2,"column":0},"end":{"line":2,"column":29}},"2":{"start":{"line":3,"column":0},"end":{"line":3,"column":29}},"3":{"start":{"line":4,"column":0},"end":{"line":4,"column":3}},"4":{"start":{"line":5,"column":0},"end":{"line":5,"column":34}},"5":{"start":{"line":6,"column":0},"end":{"line":6,"column":24}},"6":{"start":{"line":7,"column":0},"end":{"line":7,"column":3}},"7":{"start":{"line":8,"column":0},"end":{"line":8,"column":15}},"8":{"start":{"line":9,"column":0},"end":{"line":9,"column":2}},"9":{"start":{"line":10,"column":0},"end":{"line":10,"column":0}},"10":{"start":{"line":11,"column":0},"end":{"line":11,"column":26}},"11":{"start":{"line":12,"column":0},"end":{"line":12,"column":55}},"12":{"start":{"line":13,"column":0},"end":{"line":13,"column":39}},"13":{"start":{"line":14,"column":0},"end":{"line":14,"column":16}},"14":{"start":{"line":15,"column":0},"end":{"line":15,"column":5}},"15":{"start":{"line":16,"column":0},"end":{"line":16,"column":0}},"16":{"start":{"line":17,"column":0},"end":{"line":17,"column":30}},"17":{"start":{"line":18,"column":0},"end":{"line":18,"column":21}},"18":{"start":{"line":19,"column":0},"end":{"line":19,"column":65}},"19":{"start":{"line":20,"column":0},"end":{"line":20,"column":43}},"20":{"start":{"line":21,"column":0},"end":{"line":21,"column":53}},"21":{"start":{"line":22,"column":0},"end":{"line":22,"column":58}},"22":{"start":{"line":23,"column":0},"end":{"line":23,"column":33}},"23":{"start":{"line":24,"column":0},"end":{"line":24,"column":0}},"24":{"start":{"line":25,"column":0},"end":{"line":25,"column":42}},"25":{"start":{"line":26,"column":0},"end":{"line":26,"column":60}},"26":{"start":{"line":27,"column":0},"end":{"line":27,"column":9}},"27":{"start":{"line":28,"column":0},"end":{"line":28,"column":40}},"28":{"start":{"line":29,"column":0},"end":{"line":29,"column":57}},"29":{"start":{"line":30,"column":0},"end":{"line":30,"column":9}},"30":{"start":{"line":31,"column":0},"end":{"line":31,"column":0}},"31":{"start":{"line":32,"column":0},"end":{"line":32,"column":38}},"32":{"start":{"line":33,"column":0},"end":{"line":33,"column":86}},"33":{"start":{"line":34,"column":0},"end":{"line":34,"column":9}},"34":{"start":{"line":35,"column":0},"end":{"line":35,"column":0}},"35":{"start":{"line":36,"column":0},"end":{"line":36,"column":100}},"36":{"start":{"line":37,"column":0},"end":{"line":37,"column":8}},"37":{"start":{"line":38,"column":0},"end":{"line":38,"column":43}},"38":{"start":{"line":39,"column":0},"end":{"line":39,"column":0}},"39":{"start":{"line":40,"column":0},"end":{"line":40,"column":28}},"40":{"start":{"line":41,"column":0},"end":{"line":41,"column":4}},"41":{"start":{"line":42,"column":0},"end":{"line":42,"column":0}},"42":{"start":{"line":43,"column":0},"end":{"line":43,"column":29}},"43":{"start":{"line":44,"column":0},"end":{"line":44,"column":2}},"44":{"start":{"line":45,"column":0},"end":{"line":45,"column":0}},"45":{"start":{"line":46,"column":0},"end":{"line":46,"column":21}}},"s":{"0":1,"1":212,"2":46,"3":46,"4":212,"5":52,"6":52,"7":114,"8":114,"9":1,"10":1,"11":6,"12":68,"13":32,"14":32,"15":36,"16":36,"17":36,"18":106,"19":106,"20":106,"21":106,"22":106,"23":106,"24":106,"25":62,"26":62,"27":106,"28":14,"29":14,"30":30,"31":106,"32":14,"33":14,"34":16,"35":16,"36":16,"37":36,"38":36,"39":36,"40":36,"41":6,"42":6,"43":6,"44":1,"45":1},"branchMap":{"0":{"type":"branch","line":1,"loc":{"start":{"line":1,"column":19},"end":{"line":9,"column":2}},"locations":[{"start":{"line":1,"column":19},"end":{"line":9,"column":2}}]},"1":{"type":"branch","line":2,"loc":{"start":{"line":2,"column":28},"end":{"line":4,"column":3}},"locations":[{"start":{"line":2,"column":28},"end":{"line":4,"column":3}}]},"2":{"type":"branch","line":5,"loc":{"start":{"line":5,"column":-1},"end":{"line":5,"column":6}},"locations":[{"start":{"line":5,"column":-1},"end":{"line":5,"column":6}}]},"3":{"type":"branch","line":5,"loc":{"start":{"line":5,"column":33},"end":{"line":7,"column":3}},"locations":[{"start":{"line":5,"column":33},"end":{"line":7,"column":3}}]},"4":{"type":"branch","line":8,"loc":{"start":{"line":8,"column":-1},"end":{"line":9,"column":2}},"locations":[{"start":{"line":8,"column":-1},"end":{"line":9,"column":2}}]},"5":{"type":"branch","line":11,"loc":{"start":{"line":11,"column":15},"end":{"line":44,"column":2}},"locations":[{"start":{"line":11,"column":15},"end":{"line":44,"column":2}}]},"6":{"type":"branch","line":12,"loc":{"start":{"line":12,"column":15},"end":{"line":41,"column":4}},"locations":[{"start":{"line":12,"column":15},"end":{"line":41,"column":4}}]},"7":{"type":"branch","line":13,"loc":{"start":{"line":13,"column":38},"end":{"line":15,"column":5}},"locations":[{"start":{"line":13,"column":38},"end":{"line":15,"column":5}}]},"8":{"type":"branch","line":16,"loc":{"start":{"line":16,"column":-1},"end":{"line":41,"column":4}},"locations":[{"start":{"line":16,"column":-1},"end":{"line":41,"column":4}}]},"9":{"type":"branch","line":18,"loc":{"start":{"line":18,"column":12},"end":{"line":37,"column":8}},"locations":[{"start":{"line":18,"column":12},"end":{"line":37,"column":8}}]},"10":{"type":"branch","line":25,"loc":{"start":{"line":25,"column":41},"end":{"line":27,"column":9}},"locations":[{"start":{"line":25,"column":41},"end":{"line":27,"column":9}}]},"11":{"type":"branch","line":28,"loc":{"start":{"line":28,"column":-1},"end":{"line":28,"column":12}},"locations":[{"start":{"line":28,"column":-1},"end":{"line":28,"column":12}}]},"12":{"type":"branch","line":28,"loc":{"start":{"line":28,"column":39},"end":{"line":30,"column":9}},"locations":[{"start":{"line":28,"column":39},"end":{"line":30,"column":9}}]},"13":{"type":"branch","line":31,"loc":{"start":{"line":31,"column":-1},"end":{"line":32,"column":12}},"locations":[{"start":{"line":31,"column":-1},"end":{"line":32,"column":12}}]},"14":{"type":"branch","line":32,"loc":{"start":{"line":32,"column":37},"end":{"line":34,"column":9}},"locations":[{"start":{"line":32,"column":37},"end":{"line":34,"column":9}}]},"15":{"type":"branch","line":35,"loc":{"start":{"line":35,"column":-1},"end":{"line":37,"column":8}},"locations":[{"start":{"line":35,"column":-1},"end":{"line":37,"column":8}}]},"16":{"type":"branch","line":38,"loc":{"start":{"line":38,"column":15},"end":{"line":38,"column":43}},"locations":[{"start":{"line":38,"column":15},"end":{"line":38,"column":43}}]}},"b":{"0":[212],"1":[46],"2":[166],"3":[52],"4":[114],"5":[6],"6":[68],"7":[32],"8":[36],"9":[106],"10":[62],"11":[44],"12":[14],"13":[30],"14":[14],"15":[16],"16":[106]},"fnMap":{"0":{"name":"stringify","decl":{"start":{"line":1,"column":19},"end":{"line":9,"column":2}},"loc":{"start":{"line":1,"column":19},"end":{"line":9,"column":2}},"line":1},"1":{"name":"plain","decl":{"start":{"line":11,"column":15},"end":{"line":44,"column":2}},"loc":{"start":{"line":11,"column":15},"end":{"line":44,"column":2}},"line":11},"2":{"name":"iter","decl":{"start":{"line":12,"column":15},"end":{"line":41,"column":4}},"loc":{"start":{"line":12,"column":15},"end":{"line":41,"column":4}},"line":12}},"f":{"0":212,"1":6,"2":68}}
,"/home/flickystyle/frontend-project-lvl2/src/formatters/stylish.js": {"path":"/home/flickystyle/frontend-project-lvl2/src/formatters/stylish.js","all":false,"statementMap":{"0":{"start":{"line":1,"column":0},"end":{"line":1,"column":28}},"1":{"start":{"line":2,"column":0},"end":{"line":2,"column":23}},"2":{"start":{"line":3,"column":0},"end":{"line":3,"column":24}},"3":{"start":{"line":4,"column":0},"end":{"line":4,"column":0}},"4":{"start":{"line":5,"column":0},"end":{"line":5,"column":41}},"5":{"start":{"line":6,"column":0},"end":{"line":6,"column":39}},"6":{"start":{"line":7,"column":0},"end":{"line":7,"column":31}},"7":{"start":{"line":8,"column":0},"end":{"line":8,"column":5}},"8":{"start":{"line":9,"column":0},"end":{"line":9,"column":0}},"9":{"start":{"line":10,"column":0},"end":{"line":10,"column":29}},"10":{"start":{"line":11,"column":0},"end":{"line":11,"column":62}},"11":{"start":{"line":12,"column":0},"end":{"line":12,"column":54}},"12":{"start":{"line":13,"column":0},"end":{"line":13,"column":0}},"13":{"start":{"line":14,"column":0},"end":{"line":14,"column":36}},"14":{"start":{"line":15,"column":0},"end":{"line":15,"column":58}},"15":{"start":{"line":16,"column":0},"end":{"line":16,"column":61}},"16":{"start":{"line":17,"column":0},"end":{"line":17,"column":0}},"17":{"start":{"line":18,"column":0},"end":{"line":18,"column":63}},"18":{"start":{"line":19,"column":0},"end":{"line":19,"column":0}},"19":{"start":{"line":20,"column":0},"end":{"line":20,"column":30}},"20":{"start":{"line":21,"column":0},"end":{"line":21,"column":21}},"21":{"start":{"line":22,"column":0},"end":{"line":22,"column":33}},"22":{"start":{"line":23,"column":0},"end":{"line":23,"column":43}},"23":{"start":{"line":24,"column":0},"end":{"line":24,"column":42}},"24":{"start":{"line":25,"column":0},"end":{"line":25,"column":47}},"25":{"start":{"line":26,"column":0},"end":{"line":26,"column":0}},"26":{"start":{"line":27,"column":0},"end":{"line":27,"column":40}},"27":{"start":{"line":28,"column":0},"end":{"line":28,"column":178}},"28":{"start":{"line":29,"column":0},"end":{"line":29,"column":9}},"29":{"start":{"line":30,"column":0},"end":{"line":30,"column":0}},"30":{"start":{"line":31,"column":0},"end":{"line":31,"column":103}},"31":{"start":{"line":32,"column":0},"end":{"line":32,"column":9}},"32":{"start":{"line":33,"column":0},"end":{"line":33,"column":0}},"33":{"start":{"line":34,"column":0},"end":{"line":34,"column":12}},"34":{"start":{"line":35,"column":0},"end":{"line":35,"column":10}},"35":{"start":{"line":36,"column":0},"end":{"line":36,"column":15}},"36":{"start":{"line":37,"column":0},"end":{"line":37,"column":26}},"37":{"start":{"line":38,"column":0},"end":{"line":38,"column":17}},"38":{"start":{"line":39,"column":0},"end":{"line":39,"column":4}},"39":{"start":{"line":40,"column":0},"end":{"line":40,"column":0}},"40":{"start":{"line":41,"column":0},"end":{"line":41,"column":24}},"41":{"start":{"line":42,"column":0},"end":{"line":42,"column":2}},"42":{"start":{"line":43,"column":0},"end":{"line":43,"column":0}},"43":{"start":{"line":44,"column":0},"end":{"line":44,"column":23}}},"s":{"0":1,"1":6,"2":6,"3":6,"4":6,"5":164,"6":100,"7":100,"8":64,"9":64,"10":64,"11":64,"12":64,"13":64,"14":64,"15":64,"16":64,"17":64,"18":64,"19":64,"20":64,"21":142,"22":142,"23":142,"24":142,"25":142,"26":142,"27":16,"28":16,"29":126,"30":126,"31":126,"32":64,"33":64,"34":64,"35":64,"36":64,"37":64,"38":64,"39":6,"40":6,"41":6,"42":1,"43":1},"branchMap":{"0":{"type":"branch","line":1,"loc":{"start":{"line":1,"column":17},"end":{"line":42,"column":2}},"locations":[{"start":{"line":1,"column":17},"end":{"line":42,"column":2}}]},"1":{"type":"branch","line":5,"loc":{"start":{"line":5,"column":15},"end":{"line":39,"column":4}},"locations":[{"start":{"line":5,"column":15},"end":{"line":39,"column":4}}]},"2":{"type":"branch","line":6,"loc":{"start":{"line":6,"column":38},"end":{"line":8,"column":5}},"locations":[{"start":{"line":6,"column":38},"end":{"line":8,"column":5}}]},"3":{"type":"branch","line":9,"loc":{"start":{"line":9,"column":-1},"end":{"line":39,"column":4}},"locations":[{"start":{"line":9,"column":-1},"end":{"line":39,"column":4}}]},"4":{"type":"branch","line":21,"loc":{"start":{"line":21,"column":12},"end":{"line":32,"column":9}},"locations":[{"start":{"line":21,"column":12},"end":{"line":32,"column":9}}]},"5":{"type":"branch","line":27,"loc":{"start":{"line":27,"column":39},"end":{"line":29,"column":9}},"locations":[{"start":{"line":27,"column":39},"end":{"line":29,"column":9}}]},"6":{"type":"branch","line":30,"loc":{"start":{"line":30,"column":-1},"end":{"line":32,"column":9}},"locations":[{"start":{"line":30,"column":-1},"end":{"line":32,"column":9}}]}},"b":{"0":[6],"1":[164],"2":[100],"3":[64],"4":[142],"5":[16],"6":[126]},"fnMap":{"0":{"name":"stylish","decl":{"start":{"line":1,"column":17},"end":{"line":42,"column":2}},"loc":{"start":{"line":1,"column":17},"end":{"line":42,"column":2}},"line":1},"1":{"name":"iter","decl":{"start":{"line":5,"column":15},"end":{"line":39,"column":4}},"loc":{"start":{"line":5,"column":15},"end":{"line":39,"column":4}},"line":5}},"f":{"0":6,"1":164}}
}
