{"/home/flickystyle/frontend-project-lvl2/src/findDiff.js": {"path":"/home/flickystyle/frontend-project-lvl2/src/findDiff.js","all":false,"statementMap":{"0":{"start":{"line":1,"column":0},"end":{"line":1,"column":23}},"1":{"start":{"line":2,"column":0},"end":{"line":2,"column":37}},"2":{"start":{"line":3,"column":0},"end":{"line":3,"column":0}},"3":{"start":{"line":4,"column":0},"end":{"line":4,"column":36}},"4":{"start":{"line":5,"column":0},"end":{"line":5,"column":37}},"5":{"start":{"line":6,"column":0},"end":{"line":6,"column":37}},"6":{"start":{"line":7,"column":0},"end":{"line":7,"column":0}},"7":{"start":{"line":8,"column":0},"end":{"line":8,"column":48}},"8":{"start":{"line":9,"column":0},"end":{"line":9,"column":49}},"9":{"start":{"line":10,"column":0},"end":{"line":10,"column":0}},"10":{"start":{"line":11,"column":0},"end":{"line":11,"column":67}},"11":{"start":{"line":12,"column":0},"end":{"line":12,"column":0}},"12":{"start":{"line":13,"column":0},"end":{"line":13,"column":53}},"13":{"start":{"line":14,"column":0},"end":{"line":14,"column":60}},"14":{"start":{"line":15,"column":0},"end":{"line":15,"column":40}},"15":{"start":{"line":16,"column":0},"end":{"line":16,"column":67}},"16":{"start":{"line":17,"column":0},"end":{"line":17,"column":40}},"17":{"start":{"line":18,"column":0},"end":{"line":18,"column":15}},"18":{"start":{"line":19,"column":0},"end":{"line":19,"column":96}},"19":{"start":{"line":20,"column":0},"end":{"line":20,"column":40}},"20":{"start":{"line":21,"column":0},"end":{"line":21,"column":15}},"21":{"start":{"line":22,"column":0},"end":{"line":22,"column":54}},"22":{"start":{"line":23,"column":0},"end":{"line":23,"column":52}},"23":{"start":{"line":24,"column":0},"end":{"line":24,"column":7}},"24":{"start":{"line":25,"column":0},"end":{"line":25,"column":40}},"25":{"start":{"line":26,"column":0},"end":{"line":26,"column":40}},"26":{"start":{"line":27,"column":0},"end":{"line":27,"column":17}},"27":{"start":{"line":28,"column":0},"end":{"line":28,"column":9}},"28":{"start":{"line":29,"column":0},"end":{"line":29,"column":52}},"29":{"start":{"line":30,"column":0},"end":{"line":30,"column":52}},"30":{"start":{"line":31,"column":0},"end":{"line":31,"column":2}},"31":{"start":{"line":32,"column":0},"end":{"line":32,"column":0}},"32":{"start":{"line":33,"column":0},"end":{"line":33,"column":24}}},"s":{"0":1,"1":1,"2":1,"3":1,"4":2,"5":2,"6":2,"7":2,"8":2,"9":2,"10":2,"11":2,"12":2,"13":9,"14":3,"15":9,"16":2,"17":6,"18":4,"19":1,"20":4,"21":3,"22":3,"23":3,"24":3,"25":3,"26":9,"27":2,"28":2,"29":2,"30":2,"31":1,"32":1},"branchMap":{"0":{"type":"branch","line":4,"loc":{"start":{"line":4,"column":17},"end":{"line":31,"column":2}},"locations":[{"start":{"line":4,"column":17},"end":{"line":31,"column":2}}]},"1":{"type":"branch","line":13,"loc":{"start":{"line":13,"column":38},"end":{"line":28,"column":5}},"locations":[{"start":{"line":13,"column":38},"end":{"line":28,"column":5}}]},"2":{"type":"branch","line":14,"loc":{"start":{"line":14,"column":8},"end":{"line":14,"column":36}},"locations":[{"start":{"line":14,"column":8},"end":{"line":14,"column":36}}]},"3":{"type":"branch","line":14,"loc":{"start":{"line":14,"column":59},"end":{"line":16,"column":11}},"locations":[{"start":{"line":14,"column":59},"end":{"line":16,"column":11}}]},"4":{"type":"branch","line":16,"loc":{"start":{"line":16,"column":5},"end":{"line":27,"column":6}},"locations":[{"start":{"line":16,"column":5},"end":{"line":27,"column":6}}]},"5":{"type":"branch","line":16,"loc":{"start":{"line":16,"column":15},"end":{"line":16,"column":43}},"locations":[{"start":{"line":16,"column":15},"end":{"line":16,"column":43}}]},"6":{"type":"branch","line":16,"loc":{"start":{"line":16,"column":66},"end":{"line":18,"column":11}},"locations":[{"start":{"line":16,"column":66},"end":{"line":18,"column":11}}]},"7":{"type":"branch","line":18,"loc":{"start":{"line":18,"column":5},"end":{"line":27,"column":6}},"locations":[{"start":{"line":18,"column":5},"end":{"line":27,"column":6}}]},"8":{"type":"branch","line":19,"loc":{"start":{"line":19,"column":95},"end":{"line":21,"column":11}},"locations":[{"start":{"line":19,"column":95},"end":{"line":21,"column":11}}]},"9":{"type":"branch","line":21,"loc":{"start":{"line":21,"column":5},"end":{"line":27,"column":6}},"locations":[{"start":{"line":21,"column":5},"end":{"line":27,"column":6}}]}},"b":{"0":[2],"1":[9],"2":[7],"3":[3],"4":[6],"5":[2],"6":[2],"7":[4],"8":[1],"9":[3]},"fnMap":{"0":{"name":"findDiff","decl":{"start":{"line":4,"column":17},"end":{"line":31,"column":2}},"loc":{"start":{"line":4,"column":17},"end":{"line":31,"column":2}},"line":4}},"f":{"0":2}}
,"/home/flickystyle/frontend-project-lvl2/src/findPath.js": {"path":"/home/flickystyle/frontend-project-lvl2/src/findPath.js","all":false,"statementMap":{"0":{"start":{"line":1,"column":0},"end":{"line":1,"column":29}},"1":{"start":{"line":2,"column":0},"end":{"line":2,"column":25}},"2":{"start":{"line":3,"column":0},"end":{"line":3,"column":33}},"3":{"start":{"line":4,"column":0},"end":{"line":4,"column":0}},"4":{"start":{"line":5,"column":0},"end":{"line":5,"column":32}},"5":{"start":{"line":6,"column":0},"end":{"line":6,"column":54}},"6":{"start":{"line":7,"column":0},"end":{"line":7,"column":0}},"7":{"start":{"line":8,"column":0},"end":{"line":8,"column":28}},"8":{"start":{"line":9,"column":0},"end":{"line":9,"column":51}},"9":{"start":{"line":10,"column":0},"end":{"line":10,"column":0}},"10":{"start":{"line":11,"column":0},"end":{"line":11,"column":57}},"11":{"start":{"line":12,"column":0},"end":{"line":12,"column":49}},"12":{"start":{"line":13,"column":0},"end":{"line":13,"column":0}},"13":{"start":{"line":14,"column":0},"end":{"line":14,"column":20}},"14":{"start":{"line":15,"column":0},"end":{"line":15,"column":2}},"15":{"start":{"line":16,"column":0},"end":{"line":16,"column":0}},"16":{"start":{"line":17,"column":0},"end":{"line":17,"column":24}}},"s":{"0":1,"1":1,"2":1,"3":1,"4":1,"5":4,"6":4,"7":4,"8":4,"9":4,"10":4,"11":4,"12":4,"13":4,"14":4,"15":1,"16":1},"branchMap":{"0":{"type":"branch","line":5,"loc":{"start":{"line":5,"column":18},"end":{"line":15,"column":2}},"locations":[{"start":{"line":5,"column":18},"end":{"line":15,"column":2}}]}},"b":{"0":[4]},"fnMap":{"0":{"name":"findPath","decl":{"start":{"line":5,"column":18},"end":{"line":15,"column":2}},"loc":{"start":{"line":5,"column":18},"end":{"line":15,"column":2}},"line":5}},"f":{"0":4}}
,"/home/flickystyle/frontend-project-lvl2/src/parsers.js": {"path":"/home/flickystyle/frontend-project-lvl2/src/parsers.js","all":false,"statementMap":{"0":{"start":{"line":1,"column":0},"end":{"line":1,"column":32}},"1":{"start":{"line":2,"column":0},"end":{"line":2,"column":0}},"2":{"start":{"line":3,"column":0},"end":{"line":3,"column":38}},"3":{"start":{"line":4,"column":0},"end":{"line":4,"column":31}},"4":{"start":{"line":5,"column":0},"end":{"line":5,"column":28}},"5":{"start":{"line":6,"column":0},"end":{"line":6,"column":3}},"6":{"start":{"line":7,"column":0},"end":{"line":7,"column":56}},"7":{"start":{"line":8,"column":0},"end":{"line":8,"column":27}},"8":{"start":{"line":9,"column":0},"end":{"line":9,"column":3}},"9":{"start":{"line":10,"column":0},"end":{"line":10,"column":53}},"10":{"start":{"line":11,"column":0},"end":{"line":11,"column":2}},"11":{"start":{"line":12,"column":0},"end":{"line":12,"column":0}},"12":{"start":{"line":13,"column":0},"end":{"line":13,"column":21}}},"s":{"0":1,"1":1,"2":1,"3":4,"4":4,"5":4,"6":4,"7":0,"8":0,"9":0,"10":0,"11":1,"12":1},"branchMap":{"0":{"type":"branch","line":3,"loc":{"start":{"line":3,"column":14},"end":{"line":11,"column":2}},"locations":[{"start":{"line":3,"column":14},"end":{"line":11,"column":2}}]},"1":{"type":"branch","line":7,"loc":{"start":{"line":7,"column":-1},"end":{"line":7,"column":55}},"locations":[{"start":{"line":7,"column":-1},"end":{"line":7,"column":55}}]},"2":{"type":"branch","line":7,"loc":{"start":{"line":7,"column":55},"end":{"line":11,"column":2}},"locations":[{"start":{"line":7,"column":55},"end":{"line":11,"column":2}}]}},"b":{"0":[4],"1":[0],"2":[0]},"fnMap":{"0":{"name":"parse","decl":{"start":{"line":3,"column":14},"end":{"line":11,"column":2}},"loc":{"start":{"line":3,"column":14},"end":{"line":11,"column":2}},"line":3}},"f":{"0":4}}
}
