TN:
SF:src/findDiff.js
FN:3,makeItemsEmpty
FN:13,findDiff
FNF:2
FNH:2
FNDA:1007,makeItemsEmpty
FNDA:77,findDiff
DA:1,1
DA:2,1
DA:3,1
DA:4,1007
DA:5,704
DA:6,704
DA:7,303
DA:8,303
DA:9,303
DA:10,303
DA:11,303
DA:12,1
DA:13,1
DA:14,77
DA:15,77
DA:16,77
DA:17,77
DA:18,77
DA:19,77
DA:20,77
DA:21,230
DA:22,230
DA:23,230
DA:24,230
DA:25,30
DA:26,30
DA:27,230
DA:28,33
DA:29,33
DA:30,230
DA:31,64
DA:32,64
DA:33,230
DA:34,36
DA:35,36
DA:36,67
DA:37,67
DA:38,77
DA:39,77
DA:40,77
DA:41,77
DA:42,1
DA:43,1
LF:43
LH:43
BRDA:3,0,0,1007
BRDA:4,1,0,321
BRDA:4,2,0,704
BRDA:7,3,0,303
BRDA:9,4,0,547
BRDA:13,5,0,77
BRDA:20,6,0,230
BRDA:24,7,0,197
BRDA:24,8,0,30
BRDA:27,9,0,200
BRDA:27,10,0,33
BRDA:27,11,0,33
BRDA:30,12,0,167
BRDA:30,13,0,73
BRDA:30,14,0,64
BRDA:33,15,0,103
BRDA:33,16,0,36
BRDA:36,17,0,67
BRF:18
BRH:18
end_of_record
TN:
SF:src/generateDiff.js
FN:4,generateDiff
FNF:1
FNH:1
FNDA:13,generateDiff
DA:1,1
DA:2,1
DA:3,1
DA:4,1
DA:5,13
DA:6,13
DA:7,13
DA:8,13
DA:9,1
DA:10,1
LF:10
LH:10
BRDA:4,0,0,13
BRF:1
BRH:1
end_of_record
TN:
SF:src/parsers.js
FN:3,parse
FNF:1
FNH:1
FNDA:11,parse
DA:1,1
DA:2,1
DA:3,1
DA:4,11
DA:5,4
DA:6,4
DA:7,11
DA:8,6
DA:9,6
DA:10,1
DA:11,1
DA:12,1
DA:13,1
LF:13
LH:13
BRDA:3,0,0,11
BRDA:4,1,0,4
BRDA:7,2,0,7
BRDA:7,3,0,4
BRDA:7,4,0,6
BRDA:10,5,0,1
BRF:6
BRH:6
end_of_record
TN:
SF:src/formatters/index.js
FN:4,chooseFormater
FNF:1
FNH:1
FNDA:13,chooseFormater
DA:1,1
DA:2,1
DA:3,1
DA:4,1
DA:5,13
DA:6,6
DA:7,6
DA:8,7
DA:9,13
DA:10,6
DA:11,6
DA:12,1
DA:13,1
DA:14,1
DA:15,1
DA:16,1
LF:16
LH:16
BRDA:4,0,0,13
BRDA:5,1,0,6
BRDA:8,2,0,7
BRDA:9,3,0,6
BRDA:12,4,0,1
BRF:5
BRH:5
end_of_record
TN:
SF:src/formatters/plain.js
FN:3,stringify
FN:13,plain
FN:14,iter
FNF:3
FNH:3
FNDA:212,stringify
FNDA:6,plain
FNDA:68,iter
DA:1,1
DA:2,1
DA:3,1
DA:4,212
DA:5,46
DA:6,46
DA:7,212
DA:8,52
DA:9,52
DA:10,114
DA:11,114
DA:12,1
DA:13,1
DA:14,6
DA:15,68
DA:16,32
DA:17,32
DA:18,36
DA:19,36
DA:20,36
DA:21,36
DA:22,106
DA:23,106
DA:24,106
DA:25,106
DA:26,106
DA:27,106
DA:28,62
DA:29,62
DA:30,106
DA:31,14
DA:32,14
DA:33,30
DA:34,106
DA:35,14
DA:36,14
DA:37,16
DA:38,16
DA:39,16
DA:40,36
DA:41,36
DA:42,36
DA:43,36
DA:44,6
DA:45,6
DA:46,6
DA:47,1
DA:48,1
LF:48
LH:48
BRDA:3,0,0,212
BRDA:4,1,0,208
BRDA:4,2,0,46
BRDA:7,3,0,166
BRDA:7,4,0,52
BRDA:10,5,0,114
BRDA:13,6,0,6
BRDA:14,7,0,68
BRDA:15,8,0,36
BRDA:15,9,0,32
BRDA:18,10,0,36
BRDA:21,11,0,106
BRDA:27,12,0,62
BRDA:30,13,0,44
BRDA:30,14,0,14
BRDA:33,15,0,30
BRDA:34,16,0,14
BRDA:37,17,0,16
BRDA:40,18,0,106
BRF:19
BRH:19
end_of_record
TN:
SF:src/formatters/stylish.js
FN:1,stylish
FN:2,iter
FNF:2
FNH:2
FNDA:6,stylish
FNDA:164,iter
DA:1,1
DA:2,6
DA:3,164
DA:4,100
DA:5,100
DA:6,64
DA:7,64
DA:8,64
DA:9,64
DA:10,64
DA:11,64
DA:12,64
DA:13,64
DA:14,64
DA:15,64
DA:16,64
DA:17,64
DA:18,64
DA:19,64
DA:20,142
DA:21,142
DA:22,142
DA:23,142
DA:24,142
DA:25,16
DA:26,16
DA:27,126
DA:28,126
DA:29,64
DA:30,64
DA:31,64
DA:32,64
DA:33,64
DA:34,64
DA:35,64
DA:36,6
DA:37,6
DA:38,6
DA:39,1
DA:40,1
LF:40
LH:40
BRDA:1,0,0,6
BRDA:2,1,0,164
BRDA:3,2,0,68
BRDA:3,3,0,100
BRDA:6,4,0,64
BRDA:19,5,0,142
BRDA:24,6,0,16
BRDA:27,7,0,126
BRF:8
BRH:8
end_of_record
