TN:
SF:src/findDiff.js
FN:4,findDiff
FNF:1
FNH:1
FNDA:2,findDiff
DA:1,1
DA:2,1
DA:3,1
DA:4,1
DA:5,2
DA:6,2
DA:7,2
DA:8,2
DA:9,2
DA:10,2
DA:11,2
DA:12,2
DA:13,2
DA:14,9
DA:15,3
DA:16,9
DA:17,2
DA:18,6
DA:19,4
DA:20,1
DA:21,4
DA:22,3
DA:23,3
DA:24,3
DA:25,3
DA:26,3
DA:27,9
DA:28,2
DA:29,2
DA:30,2
DA:31,2
DA:32,1
DA:33,1
LF:33
LH:33
BRDA:4,0,0,2
BRDA:13,1,0,9
BRDA:14,2,0,7
BRDA:14,3,0,3
BRDA:16,4,0,6
BRDA:16,5,0,2
BRDA:16,6,0,2
BRDA:18,7,0,4
BRDA:19,8,0,1
BRDA:21,9,0,3
BRF:10
BRH:10
end_of_record
TN:
SF:src/findPath.js
FN:5,findPath
FNF:1
FNH:1
FNDA:4,findPath
DA:1,1
DA:2,1
DA:3,1
DA:4,1
DA:5,1
DA:6,4
DA:7,4
DA:8,4
DA:9,4
DA:10,4
DA:11,4
DA:12,4
DA:13,4
DA:14,4
DA:15,4
DA:16,1
DA:17,1
LF:17
LH:17
BRDA:5,0,0,4
BRF:1
BRH:1
end_of_record
TN:
SF:src/parsers.js
FN:3,parse
FNF:1
FNH:1
FNDA:4,parse
DA:1,1
DA:2,1
DA:3,1
DA:4,4
DA:5,4
DA:6,4
DA:7,4
DA:8,0
DA:9,0
DA:10,0
DA:11,0
DA:12,1
DA:13,1
LF:13
LH:9
BRDA:3,0,0,4
BRDA:7,1,0,0
BRDA:7,2,0,0
BRF:3
BRH:1
end_of_record
